[    0.000000] Initializing cgroup subsys cpuset
[    0.000000] Initializing cgroup subsys cpu
[    0.000000] Initializing cgroup subsys cpuacct
[    0.000000] Linux version 4.4.0-186-generic (buildd@lcy01-amd64-002) (gcc version 5.4.0 20160609 (Ubuntu 5.4.0-6ubuntu1~16.04.12) ) #216-Ubuntu SMP Wed Jul 1 05:34:05 UTC 2020 (Ubuntu 4.4.0-186.216-generic 4.4.228)
[    0.000000] Command line: BOOT_IMAGE=/boot/vmlinuz-4.4.0-186-generic root=LABEL=cloudimg-rootfs ro console=tty1 console=ttyS0
[    0.000000] KERNEL supported cpus:
[    0.000000]   Intel GenuineIntel
[    0.000000]   AMD AuthenticAMD
[    0.000000]   Centaur CentaurHauls
[    0.000000] x86/fpu: xstate_offset[2]:  576, xstate_sizes[2]:  256
[    0.000000] x86/fpu: Supporting XSAVE feature 0x01: 'x87 floating point registers'
[    0.000000] x86/fpu: Supporting XSAVE feature 0x02: 'SSE registers'
[    0.000000] x86/fpu: Supporting XSAVE feature 0x04: 'AVX registers'
[    0.000000] x86/fpu: Enabled xstate features 0x7, context size is 832 bytes, using 'standard' format.
[    0.000000] e820: BIOS-provided physical RAM map:
[    0.000000] BIOS-e820: [mem 0x0000000000000000-0x000000000009fbff] usable
[    0.000000] BIOS-e820: [mem 0x000000000009fc00-0x000000000009ffff] reserved
[    0.000000] BIOS-e820: [mem 0x00000000000f0000-0x00000000000fffff] reserved
[    0.000000] BIOS-e820: [mem 0x0000000000100000-0x000000003ffeffff] usable
[    0.000000] BIOS-e820: [mem 0x000000003fff0000-0x000000003fffffff] ACPI data
[    0.000000] BIOS-e820: [mem 0x00000000fec00000-0x00000000fec00fff] reserved
[    0.000000] BIOS-e820: [mem 0x00000000fee00000-0x00000000fee00fff] reserved
[    0.000000] BIOS-e820: [mem 0x00000000fffc0000-0x00000000ffffffff] reserved
[    0.000000] NX (Execute Disable) protection: active
[    0.000000] SMBIOS 2.5 present.
[    0.000000] Hypervisor detected: KVM
[    0.000000] e820: last_pfn = 0x3fff0 max_arch_pfn = 0x400000000
[    0.000000] MTRR: Disabled
[    0.000000] x86/PAT: MTRRs disabled, skipping PAT initialization too.
[    0.000000] CPU MTRRs all blank - virtualized system.
[    0.000000] x86/PAT: Configuration [0-7]: WB  WT  UC- UC  WB  WT  UC- UC  
[    0.000000] found SMP MP-table at [mem 0x0009fff0-0x0009ffff] mapped at [ffff88000009fff0]
[    0.000000] Scanning 1 areas for low memory corruption
[    0.000000] RAMDISK: [mem 0x362de000-0x37166fff]
[    0.000000] ACPI: Early table checksum verification disabled
[    0.000000] ACPI: RSDP 0x00000000000E0000 000024 (v02 VBOX  )
[    0.000000] ACPI: XSDT 0x000000003FFF0030 00003C (v01 VBOX   VBOXXSDT 00000001 ASL  00000061)
[    0.000000] ACPI: FACP 0x000000003FFF00F0 0000F4 (v04 VBOX   VBOXFACP 00000001 ASL  00000061)
[    0.000000] ACPI: DSDT 0x000000003FFF0470 002325 (v02 VBOX   VBOXBIOS 00000002 INTL 20100528)
[    0.000000] ACPI: FACS 0x000000003FFF0200 000040
[    0.000000] ACPI: FACS 0x000000003FFF0200 000040
[    0.000000] ACPI: APIC 0x000000003FFF0240 00005C (v02 VBOX   VBOXAPIC 00000001 ASL  00000061)
[    0.000000] ACPI: SSDT 0x000000003FFF02A0 0001CC (v01 VBOX   VBOXCPUT 00000002 INTL 20100528)
[    0.000000] No NUMA configuration found
[    0.000000] Faking a node at [mem 0x0000000000000000-0x000000003ffeffff]
[    0.000000] NODE_DATA(0) allocated [mem 0x3ffeb000-0x3ffeffff]
[    0.000000] kvm-clock: Using msrs 4b564d01 and 4b564d00
[    0.000000] kvm-clock: cpu 0, msr 0:3ffe3001, primary cpu clock
[    0.000000] kvm-clock: using sched offset of 8303109052 cycles
[    0.000000] clocksource: kvm-clock: mask: 0xffffffffffffffff max_cycles: 0x1cd42e4dffb, max_idle_ns: 881590591483 ns
[    0.000000] Zone ranges:
[    0.000000]   DMA      [mem 0x0000000000001000-0x0000000000ffffff]
[    0.000000]   DMA32    [mem 0x0000000001000000-0x000000003ffeffff]
[    0.000000]   Normal   empty
[    0.000000]   Device   empty
[    0.000000] Movable zone start for each node
[    0.000000] Early memory node ranges
[    0.000000]   node   0: [mem 0x0000000000001000-0x000000000009efff]
[    0.000000]   node   0: [mem 0x0000000000100000-0x000000003ffeffff]
[    0.000000] Initmem setup node 0 [mem 0x0000000000001000-0x000000003ffeffff]
[    0.000000] ACPI: PM-Timer IO Port: 0x4008
[    0.000000] IOAPIC[0]: apic_id 2, version 32, address 0xfec00000, GSI 0-23
[    0.000000] ACPI: INT_SRC_OVR (bus 0 bus_irq 0 global_irq 2 dfl dfl)
[    0.000000] ACPI: INT_SRC_OVR (bus 0 bus_irq 9 global_irq 9 low level)
[    0.000000] Using ACPI (MADT) for SMP configuration information
[    0.000000] smpboot: Allowing 2 CPUs, 0 hotplug CPUs
[    0.000000] PM: Registered nosave memory: [mem 0x00000000-0x00000fff]
[    0.000000] PM: Registered nosave memory: [mem 0x0009f000-0x0009ffff]
[    0.000000] PM: Registered nosave memory: [mem 0x000a0000-0x000effff]
[    0.000000] PM: Registered nosave memory: [mem 0x000f0000-0x000fffff]
[    0.000000] e820: [mem 0x40000000-0xfebfffff] available for PCI devices
[    0.000000] Booting paravirtualized kernel on KVM
[    0.000000] clocksource: refined-jiffies: mask: 0xffffffff max_cycles: 0xffffffff, max_idle_ns: 7645519600211568 ns
[    0.000000] setup_percpu: NR_CPUS:512 nr_cpumask_bits:512 nr_cpu_ids:2 nr_node_ids:1
[    0.000000] PERCPU: Embedded 33 pages/cpu @ffff88003fc00000 s95512 r8192 d31464 u1048576
[    0.000000] Built 1 zonelists in Node order, mobility grouping on.  Total pages: 257912
[    0.000000] Policy zone: DMA32
[    0.000000] Kernel command line: BOOT_IMAGE=/boot/vmlinuz-4.4.0-186-generic root=LABEL=cloudimg-rootfs ro console=tty1 console=ttyS0
[    0.000000] PID hash table entries: 4096 (order: 3, 32768 bytes)
[    0.000000] Memory: 997660K/1048120K available (8636K kernel code, 1337K rwdata, 4040K rodata, 1492K init, 1296K bss, 50460K reserved, 0K cma-reserved)
[    0.000000] SLUB: HWalign=64, Order=0-3, MinObjects=0, CPUs=2, Nodes=1
[    0.000000] Kernel/User page tables isolation: enabled
[    0.000000] Hierarchical RCU implementation.
[    0.000000] 	Build-time adjustment of leaf fanout to 64.
[    0.000000] 	RCU restricting CPUs from NR_CPUS=512 to nr_cpu_ids=2.
[    0.000000] RCU: Adjusting geometry for rcu_fanout_leaf=64, nr_cpu_ids=2
[    0.000000] NR_IRQS:33024 nr_irqs:440 16
[    0.000000] Console: colour VGA+ 80x25
[    0.000000] console [tty1] enabled
[    0.000000] console [ttyS0] enabled
[    0.000000] tsc: Detected 2700.000 MHz processor
[    0.935667] Calibrating delay loop (skipped) preset value.. 5400.00 BogoMIPS (lpj=10800000)
[    0.940712] pid_max: default: 32768 minimum: 301
[    0.946158] ACPI: Core revision 20150930
[    0.949838] ACPI: 2 ACPI AML tables successfully acquired and loaded
[    0.952296] Security Framework initialized
[    0.953594] Yama: becoming mindful.
[    0.954722] AppArmor: AppArmor initialized
[    0.956153] Dentry cache hash table entries: 131072 (order: 8, 1048576 bytes)
[    0.961044] Inode-cache hash table entries: 65536 (order: 7, 524288 bytes)
[    0.964151] Mount-cache hash table entries: 2048 (order: 2, 16384 bytes)
[    0.966861] Mountpoint-cache hash table entries: 2048 (order: 2, 16384 bytes)
[    0.969876] Initializing cgroup subsys io
[    0.971866] Initializing cgroup subsys memory
[    0.974451] Initializing cgroup subsys devices
[    0.978983] Initializing cgroup subsys freezer
[    0.985933] Initializing cgroup subsys net_cls
[    0.988856] Initializing cgroup subsys perf_event
[    0.991088] Initializing cgroup subsys net_prio
[    0.995132] Initializing cgroup subsys hugetlb
[    0.996983] Initializing cgroup subsys pids
[    1.008204] mce: CPU supports 0 MCE banks
[    1.015726] Last level iTLB entries: 4KB 64, 2MB 8, 4MB 8
[    1.017661] Last level dTLB entries: 4KB 64, 2MB 0, 4MB 0, 1GB 4
[    1.022119] Spectre V1 : Mitigation: usercopy/swapgs barriers and __user pointer sanitization
[    1.025052] Spectre V2 : Mitigation: Full generic retpoline
[    1.026804] Spectre V2 : Spectre v2 / SpectreRSB mitigation: Filling RSB on context switch
[    1.029471] Speculative Store Bypass: Vulnerable
[    1.031224] SRBDS: Unknown: Dependent on hypervisor status
[    1.033780] MDS: Mitigation: Clear CPU buffers
[    1.039387] Freeing SMP alternatives memory: 36K
[    1.049467] ftrace: allocating 32334 entries in 127 pages
[    1.134752] smpboot: APIC(0) Converting physical 0 to logical package 0
[    1.138326] smpboot: Max logical packages: 1
[    1.140915] x2apic enabled
[    1.144334] Switched APIC routing to physical x2apic.
[    1.151808] ..TIMER: vector=0x30 apic1=0 pin1=2 apic2=-1 pin2=-1
[    1.262341] smpboot: CPU0: Intel(R) Core(TM) i5-5257U CPU @ 2.70GHz (family: 0x6, model: 0x3d, stepping: 0x4)
[    1.267353] Performance Events: unsupported p6 CPU model 61 no PMU driver, software events only.
[    1.284971] KVM setup paravirtual spinlock
[    1.287504] x86: Booting SMP configuration:
[    1.289647] .... node  #0, CPUs:      #1
[    1.293395] kvm-clock: cpu 1, msr 0:3ffe3041, secondary cpu clock
[    1.305317] mce: CPU supports 0 MCE banks
[    1.311469] x86: Booted up 1 node, 2 CPUs
[    1.316718] smpboot: Total of 2 processors activated (10800.00 BogoMIPS)
[    1.319384] devtmpfs: initialized
[    1.323085] evm: security.selinux
[    1.324377] evm: security.SMACK64
[    1.326659] evm: security.SMACK64EXEC
[    1.328600] evm: security.SMACK64TRANSMUTE
[    1.330220] evm: security.SMACK64MMAP
[    1.332663] evm: security.ima
[    1.335113] evm: security.capability
[    1.351045] clocksource: jiffies: mask: 0xffffffff max_cycles: 0xffffffff, max_idle_ns: 7645041785100000 ns
[    1.358085] futex hash table entries: 512 (order: 3, 32768 bytes)
[    1.360433] pinctrl core: initialized pinctrl subsystem
[    1.363171] RTC time:  8:26:07, date: 07/29/20
[    1.365647] NET: Registered protocol family 16
[    1.382396] cpuidle: using governor ladder
[    1.395113] cpuidle: using governor menu
[    1.396967] PCCT header not found.
[    1.399762] ACPI: bus type PCI registered
[    1.402070] acpiphp: ACPI Hot Plug PCI Controller Driver version: 0.5
[    1.404581] PCI: Using configuration type 1 for base access
[    1.427963] ACPI: Added _OSI(Module Device)
[    1.429779] ACPI: Added _OSI(Processor Device)
[    1.433399] ACPI: Added _OSI(3.0 _SCP Extensions)
[    1.435400] ACPI: Added _OSI(Processor Aggregator Device)
[    1.462173] ACPI: Executed 1 blocks of module-level executable AML code
[    1.471569] ACPI: Interpreter enabled
[    1.479356] ACPI: (supports S0 S5)
[    1.481023] ACPI: Using IOAPIC for interrupt routing
[    1.484122] PCI: Using host bridge windows from ACPI; if necessary, use "pci=nocrs" and report a bug
[    1.502745] ACPI: PCI Root Bridge [PCI0] (domain 0000 [bus 00-ff])
[    1.504911] acpi PNP0A03:00: _OSC: OS supports [ASPM ClockPM Segments MSI]
[    1.508688] acpi PNP0A03:00: _OSC: not requesting OS control; OS requires [ExtendedConfig ASPM ClockPM MSI]
[    1.517906] acpi PNP0A03:00: fail to add MMCONFIG information, can't access extended PCI configuration space under this bridge.
[    1.523238] PCI host bridge to bus 0000:00
[    1.524940] pci_bus 0000:00: root bus resource [io  0x0000-0x0cf7 window]
[    1.527634] pci_bus 0000:00: root bus resource [io  0x0d00-0xffff window]
[    1.530972] pci_bus 0000:00: root bus resource [mem 0x000a0000-0x000bffff window]
[    1.535563] pci_bus 0000:00: root bus resource [mem 0x40000000-0xfdffffff window]
[    1.538844] pci_bus 0000:00: root bus resource [bus 00-ff]
[    1.552525] pci 0000:00:01.1: legacy IDE quirk: reg 0x10: [io  0x01f0-0x01f7]
[    1.556448] pci 0000:00:01.1: legacy IDE quirk: reg 0x14: [io  0x03f6]
[    1.559198] pci 0000:00:01.1: legacy IDE quirk: reg 0x18: [io  0x0170-0x0177]
[    1.574499] pci 0000:00:01.1: legacy IDE quirk: reg 0x1c: [io  0x0376]
[    1.614868] pci 0000:00:07.0: quirk: [io  0x4000-0x403f] claimed by PIIX4 ACPI
[    1.617516] pci 0000:00:07.0: quirk: [io  0x4100-0x410f] claimed by PIIX4 SMB
[    1.640594] ACPI: PCI Interrupt Link [LNKA] (IRQs 5 9 10 *11)
[    1.651321] ACPI: PCI Interrupt Link [LNKB] (IRQs 5 9 *10 11)
[    1.653904] ACPI: PCI Interrupt Link [LNKC] (IRQs 5 *9 10 11)
[    1.672446] ACPI: PCI Interrupt Link [LNKD] (IRQs 5 9 10 *11)
[    1.685561] ACPI: Enabled 2 GPEs in block 00 to 07
[    1.697789] vgaarb: setting as boot device: PCI:0000:00:02.0
[    1.700653] vgaarb: device added: PCI:0000:00:02.0,decodes=io+mem,owns=io+mem,locks=none
[    1.706308] vgaarb: loaded
[    1.708058] vgaarb: bridge control possible 0000:00:02.0
[    1.715658] SCSI subsystem initialized
[    1.717435] ACPI: bus type USB registered
[    1.718634] usbcore: registered new interface driver usbfs
[    1.720134] usbcore: registered new interface driver hub
[    1.725153] usbcore: registered new device driver usb
[    1.737455] PCI: Using ACPI for IRQ routing
[    1.750872] NetLabel: Initializing
[    1.753757] NetLabel:  domain hash size = 128
[    1.755574] NetLabel:  protocols = UNLABELED CIPSOv4
[    1.757781] NetLabel:  unlabeled traffic allowed by default
[    1.766407] amd_nb: Cannot enumerate AMD northbridges
[    1.782095] clocksource: Switched to clocksource kvm-clock
[    1.821827] AppArmor: AppArmor Filesystem Enabled
[    1.828779] pnp: PnP ACPI init
[    1.835436] pnp: PnP ACPI: found 3 devices
[    1.901317] clocksource: acpi_pm: mask: 0xffffff max_cycles: 0xffffff, max_idle_ns: 2085701024 ns
[    1.933148] NET: Registered protocol family 2
[    1.939402] TCP established hash table entries: 8192 (order: 4, 65536 bytes)
[    1.957597] TCP bind hash table entries: 8192 (order: 5, 131072 bytes)
[    1.966374] TCP: Hash tables configured (established 8192 bind 8192)
[    1.971493] UDP hash table entries: 512 (order: 2, 16384 bytes)
[    1.978311] UDP-Lite hash table entries: 512 (order: 2, 16384 bytes)
[    1.981321] NET: Registered protocol family 1
[    1.983731] pci 0000:00:00.0: Limiting direct PCI/PCI transfers
[    1.992828] pci 0000:00:01.0: Activating ISA DMA hang workarounds
[    2.000961] Unpacking initramfs...
[    2.423559] Freeing initrd memory: 14884K
[    2.425411] RAPL PMU detected, API unit is 2^-32 Joules, 4 fixed counters 10737418240 ms ovfl timer
[    2.430771] hw unit of domain pp0-core 2^-0 Joules
[    2.432836] hw unit of domain package 2^-0 Joules
[    2.435624] hw unit of domain dram 2^-0 Joules
[    2.438988] hw unit of domain pp1-gpu 2^-0 Joules
[    2.440855] clocksource: tsc: mask: 0xffffffffffffffff max_cycles: 0x26eb3e3cc63, max_idle_ns: 440795236593 ns
[    2.449059] platform rtc_cmos: registered platform RTC device (no PNP device found)
[    2.454663] Scanning for low memory corruption every 60 seconds
[    2.458428] audit: initializing netlink subsys (disabled)
[    2.461130] audit: type=2000 audit(1596011177.207:1): initialized
[    2.463132] Initialise system trusted keyring
[    2.470505] HugeTLB registered 2 MB page size, pre-allocated 0 pages
[    2.476202] zbud: loaded
[    2.478790] VFS: Disk quotas dquot_6.6.0
[    2.480511] VFS: Dquot-cache hash table entries: 512 (order 0, 4096 bytes)
[    2.484901] squashfs: version 4.0 (2009/01/31) Phillip Lougher
[    2.487977] fuse init (API version 7.23)
[    2.491019] Key type big_key registered
[    2.492530] Allocating IMA MOK and blacklist keyrings.
[    2.497205] Key type asymmetric registered
[    2.498837] Asymmetric key parser 'x509' registered
[    2.500580] Block layer SCSI generic (bsg) driver version 0.4 loaded (major 249)
[    2.507285] io scheduler noop registered
[    2.509669] io scheduler deadline registered (default)
[    2.516146] io scheduler cfq registered
[    2.517755] pci_hotplug: PCI Hot Plug PCI Core version: 0.5
[    2.519742] pciehp: PCI Express Hot Plug Controller Driver version: 0.4
[    2.524232] ACPI: AC Adapter [AC] (on-line)
[    2.526056] input: Power Button as /devices/LNXSYSTM:00/LNXPWRBN:00/input/input0
[    2.529742] ACPI: Power Button [PWRF]
[    2.531379] input: Sleep Button as /devices/LNXSYSTM:00/LNXSLPBN:00/input/input1
[    2.538683] ACPI: Sleep Button [SLPF]
[    2.545246] GHES: HEST is not enabled!
[    2.548337] ACPI: Battery Slot [BAT0] (battery present)
[    2.559673] Serial: 8250/16550 driver, 32 ports, IRQ sharing enabled
[    2.588201] 00:02: ttyS0 at I/O 0x3f8 (irq = 4, base_baud = 115200) is a 16550A
[    2.598742] Linux agpgart interface v0.103
[    2.604536] loop: module loaded
[    2.607509] scsi host0: ata_piix
[    2.609093] scsi host1: ata_piix
[    2.610934] ata1: PATA max UDMA/33 cmd 0x1f0 ctl 0x3f6 bmdma 0xd000 irq 14
[    2.614470] ata2: PATA max UDMA/33 cmd 0x170 ctl 0x376 bmdma 0xd008 irq 15
[    2.616977] libphy: Fixed MDIO Bus: probed
[    2.618377] tun: Universal TUN/TAP device driver, 1.6
[    2.620637] tun: (C) 1999-2004 Max Krasnyansky <maxk@qualcomm.com>
[    2.623490] PPP generic driver version 2.4.2
[    2.625242] ehci_hcd: USB 2.0 'Enhanced' Host Controller (EHCI) Driver
[    2.632541] ehci-pci: EHCI PCI platform driver
[    2.634656] ehci-platform: EHCI generic platform driver
[    2.637314] ohci_hcd: USB 1.1 'Open' Host Controller (OHCI) Driver
[    2.641476] ohci-pci: OHCI PCI platform driver
[    2.645127] ohci-platform: OHCI generic platform driver
[    2.647547] uhci_hcd: USB Universal Host Controller Interface driver
[    2.650357] i8042: PNP: PS/2 Controller [PNP0303:PS2K,PNP0f03:PS2M] at 0x60,0x64 irq 1,12
[    2.654639] serio: i8042 KBD port at 0x60,0x64 irq 1
[    2.656885] serio: i8042 AUX port at 0x60,0x64 irq 12
[    2.659835] mousedev: PS/2 mouse device common for all mice
[    2.664154] input: AT Translated Set 2 keyboard as /devices/platform/i8042/serio0/input/input2
[    2.669896] rtc_cmos rtc_cmos: rtc core: registered rtc_cmos as rtc0
[    2.671869] rtc_cmos rtc_cmos: alarms up to one day, 114 bytes nvram
[    2.673644] i2c /dev entries driver
[    2.675053] device-mapper: uevent: version 1.0.3
[    2.676544] device-mapper: ioctl: 4.34.0-ioctl (2015-10-28) initialised: dm-devel@redhat.com
[    2.687912] ledtrig-cpu: registered to indicate activity on CPUs
[    2.691063] NET: Registered protocol family 10
[    2.692942] NET: Registered protocol family 17
[    2.694980] Key type dns_resolver registered
[    2.697093] registered taskstats version 1
[    2.698669] Loading compiled-in X.509 certificates
[    2.701108] Loaded X.509 cert 'Build time autogenerated kernel key: cef5e81496c0efa51b848ab539e845ddf31c08be'
[    2.705828] zswap: loaded using pool lzo/zbud
[    2.715193] Key type trusted registered
[    2.726889] Key type encrypted registered
[    2.729035] AppArmor: AppArmor sha1 policy hashing enabled
[    2.732625] ima: No TPM chip found, activating TPM-bypass!
[    2.735125] ima: Allocated hash algorithm: sha1
[    2.737781] evm: HMAC attrs: 0x1
[    2.743750]   Magic number: 12:407:423
[    2.752314] rtc_cmos rtc_cmos: setting system clock to 2020-07-29 08:26:09 UTC (1596011169)
[    2.756889] BIOS EDD facility v0.16 2004-Jun-25, 0 devices found
[    2.758590] EDD information not available.
[    2.799895] Freeing unused kernel memory: 1492K
[    2.801944] Write protecting the kernel read-only data: 14336k
[    2.804716] Freeing unused kernel memory: 1592K
[    2.806745] Freeing unused kernel memory: 56K
Loading, please wait...
starting version[    2.828206] random: systemd-udevd: uninitialized urandom read (16 bytes read, 5 bits of entropy available)
 229
[    2.834683] random: systemd-udevd: uninitialized urandom read (16 bytes read, 5 bits of entropy available)
[    2.835973] random: udevadm: uninitialized urandom read (16 bytes read, 5 bits of entropy available)
[    2.836014] random: udevadm: uninitialized urandom read (16 bytes read, 5 bits of entropy available)
[    2.853719] random: udevadm: uninitialized urandom read (16 bytes read, 5 bits of entropy available)
[    2.853791] random: udevadm: uninitialized urandom read (16 bytes read, 5 bits of entropy available)
[    2.854040] random: udevadm: uninitialized urandom read (16 bytes read, 5 bits of entropy available)
[    2.854192] random: udevadm: uninitialized urandom read (16 bytes read, 5 bits of entropy available)
[    2.854272] random: udevadm: uninitialized urandom read (16 bytes read, 5 bits of entropy available)
[    2.854502] random: udevadm: uninitialized urandom read (16 bytes read, 5 bits of entropy available)
[    3.023593] e1000: Intel(R) PRO/1000 Network Driver - version 7.3.21-k8-NAPI
[    3.026973] e1000: Copyright (c) 1999-2006 Intel Corporation.
[    3.045852] Fusion MPT base driver 3.04.20
[    3.056977] Copyright (c) 1999-2008 LSI Corporation
[    3.067190] Fusion MPT SPI Host driver 3.04.20
[    3.196719] AVX2 version of gcm_enc/dec engaged.
[    3.199470] AES CTR mode by8 optimization enabled
[    3.252052] input: ImExPS/2 Generic Explorer Mouse as /devices/platform/i8042/serio1/input/input4
[    3.770391] e1000 0000:00:03.0 eth0: (PCI:33MHz:32-bit) 02:81:88:50:25:98
[    3.774899] e1000 0000:00:03.0 eth0: Intel(R) PRO/1000 Network Connection
[    3.779236] mptbase: ioc0: Initiating bringup
[    3.843089] ioc0: LSI53C1030 A0: Capabilities={Initiator}
[    4.008653] scsi host2: ioc0: LSI53C1030 A0, FwRev=00000000h, Ports=1, MaxQ=256, IRQ=20
[    4.123881] scsi 2:0:0:0: Direct-Access     VBOX     HARDDISK         1.0  PQ: 0 ANSI: 5
[    4.128015] scsi target2:0:0: Beginning Domain Validation
[    4.135570] scsi target2:0:0: Domain Validation skipping write tests
[    4.138122] scsi target2:0:0: Ending Domain Validation
[    4.139793] scsi target2:0:0: asynchronous
[    4.158400] scsi 2:0:1:0: Direct-Access     VBOX     HARDDISK         1.0  PQ: 0 ANSI: 5
[    4.161976] scsi target2:0:1: Beginning Domain Validation
[    4.168705] scsi target2:0:1: Domain Validation skipping write tests
[    4.176320] scsi target2:0:1: Ending Domain Validation
[    4.180578] scsi target2:0:1: asynchronous
[    4.199634] sd 2:0:0:0: Attached scsi generic sg0 type 0
[    4.204466] sd 2:0:1:0: [sdb] 20480 512-byte logical blocks: (10.5 MB/10.0 MiB)
[    4.228366] sd 2:0:1:0: Attached scsi generic sg1 type 0
[    4.231350] sd 2:0:0:0: [sda] 20971520 512-byte logical blocks: (10.7 GB/10.0 GiB)
[    4.235959] sd 2:0:1:0: [sdb] Write Protect is off
[    4.248859] sd 2:0:0:0: [sda] Write Protect is off
[    4.261259] sd 2:0:1:0: [sdb] Incomplete mode parameter data
[    4.265378] sd 2:0:1:0: [sdb] Assuming drive cache: write through
[    4.271315] sd 2:0:0:0: [sda] Incomplete mode parameter data
[    4.296157] sd 2:0:0:0: [sda] Assuming drive cache: write through
[    4.304331]  sda: sda1
[    4.310317] sd 2:0:0:0: [sda] Attached SCSI disk
[    4.333824] sd 2:0:1:0: [sdb] Attached SCSI disk
[    5.327660] e1000 0000:00:08.0 eth1: (PCI:33MHz:32-bit) 08:00:27:1b:81:0c
[    5.421779] e1000 0000:00:08.0 eth1: Intel(R) PRO/1000 Network Connection
[    5.457400] e1000 0000:00:03.0 enp0s3: renamed from eth0
[    5.670421] e1000 0000:00:08.0 enp0s8: renamed from eth1
Begin: Loading essential drivers ... [    8.364240] md: linear personality registered for level -1
[    8.398345] md: multipath personality registered for level -4
[    8.414185] md: raid0 personality registered for level 0
[    8.440480] md: raid1 personality registered for level 1
[    8.574497] raid6: sse2x1   gen()  2036 MB/s
[    8.665255] raid6: sse2x1   xor()   708 MB/s
[    8.743109] raid6: sse2x2   gen()  2476 MB/s
[    8.811073] raid6: sse2x2   xor()   925 MB/s
[    8.894663] raid6: sse2x4   gen()   655 MB/s
[    8.969924] raid6: sse2x4   xor()   661 MB/s
[    9.042384] raid6: avx2x1   gen()  2351 MB/s
[    9.114198] raid6: avx2x2   gen()  7006 MB/s
[    9.183303] raid6: avx2x4   gen() 10997 MB/s
[    9.189840] raid6: using algorithm avx2x4 gen() 10997 MB/s
[    9.197742] raid6: using avx2x2 recovery algorithm
[    9.202963] xor: automatically using best checksumming function:
[    9.254300]    avx       : 21888.000 MB/sec
[    9.260283] async_tx: api initialized (async)
[    9.322110] md: raid6 personality registered for level 6
[    9.341794] md: raid5 personality registered for level 5
[    9.347310] md: raid4 personality registered for level 4
[    9.408507] md: raid10 personality registered for level 10
done.
Begin: Running /scripts/init-premount ... done.
Begin: Mounting root file system ... Begin: Running /scripts/local-top ... done.
Begin: Running /scripts/local-premount ... [    9.605020] Btrfs loaded
Scanning for Btrfs filesystems
done.
Warning: fsck not present, so skipping root file system
[    9.808135] EXT4-fs (sda1): mounted filesystem with ordered data mode. Opts: (null)
done.
Begin: Running /scripts/local-bottom ... done.
Begin: Running /scripts/init-bottom ... done.
[   10.539459] systemd[1]: systemd 229 running in system mode. (+PAM +AUDIT +SELINUX +IMA +APPARMOR +SMACK +SYSVINIT +UTMP +LIBCRYPTSETUP +GCRYPT +GNUTLS +ACL +XZ -LZ4 +SECCOMP +BLKID +ELFUTILS +KMOD -IDN)
[   10.553016] systemd[1]: Detected virtualization oracle.
[   10.571852] systemd[1]: Detected architecture x86-64.

Welcome to [1mUbuntu 16.04.6 LTS[0m!

[   10.595109] systemd[1]: Set hostname to <ubuntu-xenial>.
[   10.675266] random: nonblocking pool is initialized
[   11.508996] systemd[1]: Reached target System Time Synchronized.
[[0;32m  OK  [0m] Reached target System Time Synchronized.
[   11.525456] systemd[1]: Reached target Encrypted Volumes.
[[0;32m  OK  [0m] Reached target Encrypted Volumes.
[   11.539018] systemd[1]: Reached target Swap.
[[0;32m  OK  [0m] Reached target Swap.
[   11.543476] systemd[1]: Started Forward Password Requests to Wall Directory Watch.
[[0;32m  OK  [0m] Started Forward Password Requests to Wall Directory Watch.
[   11.573960] systemd[1]: Started Trigger resolvconf update for networkd DNS.
[[0;32m  OK  [0m] Started Trigger resolvconf update for networkd DNS.
[   11.635275] systemd[1]: Reached target User and Group Name Lookups.
[[0;32m  OK  [0m] Reached target User and Group Name Lookups.
[   11.689189] systemd[1]: Listening on LVM2 metadata daemon socket.
[[0;32m  OK  [0m] Listening on LVM2 metadata daemon socket.
[   11.705855] systemd[1]: Listening on Journal Socket (/dev/log).
[[0;32m  OK  [0m] Listening on Journal Socket (/dev/log).
[   11.710742] systemd[1]: Listening on LVM2 poll daemon socket.
[[0;32m  OK  [0m] Listening on LVM2 poll daemon socket.
[   11.739974] systemd[1]: Listening on Syslog Socket.
[[0;32m  OK  [0m] Listening on Syslog Socket.
[   11.747074] systemd[1]: Set up automount Arbitrary Executable File Formats File System Automount Point.
[[0;32m  OK  [0m] Set up automount Arbitrary Executab...ats File System Automount Point.
[   11.779653] systemd[1]: Listening on udev Control Socket.
[[0;32m  OK  [0m] Listening on udev Control Socket.
[   11.808132] systemd[1]: Created slice User and Session Slice.
[[0;32m  OK  [0m] Created slice User and Session Slice.
[   11.835363] systemd[1]: Listening on Journal Audit Socket.
[[0;32m  OK  [0m] Listening on Journal Audit Socket.
[   11.845699] systemd[1]: Listening on Device-mapper event daemon FIFOs.
[[0;32m  OK  [0m] Listening on Device-mapper event daemon FIFOs.
[   11.869065] systemd[1]: Listening on udev Kernel Socket.
[[0;32m  OK  [0m] Listening on udev Kernel Socket.
[   11.876568] systemd[1]: Listening on /dev/initctl Compatibility Named Pipe.
[[0;32m  OK  [0m] Listening on /dev/initctl Compatibility Named Pipe.
[   11.897835] systemd[1]: Created slice System Slice.
[[0;32m  OK  [0m] Created slice System Slice.
[   11.914510] systemd[1]: Reached target Slices.
[[0;32m  OK  [0m] Reached target Slices.
[   11.932440] systemd[1]: Created slice system-serial\x2dgetty.slice.
[[0;32m  OK  [0m] Created slice system-serial\x2dgetty.slice.
[   11.947501] systemd[1]: Listening on Journal Socket.
[[0;32m  OK  [0m] Listening on Journal Socket.
[   12.027746] systemd[1]: Starting Nameserver information manager...
         Starting Nameserver information manager...
[   12.085894] systemd[1]: Starting Load Kernel Modules...
         Starting Load Kernel Modules...
[   12.127607] Loading iSCSI transport class v2.0-870.
[   12.141150] systemd[1]: Starting Create list of required static device nodes for the current kernel...
         Starting Create list of required st... nodes for the current kernel...
[   12.193906] systemd[1]: Mounting Huge Pages File System...
         Mounting Huge Pages File System...
[   12.256314] systemd[1]: Mounting Debug File System...
         Mounting Debug File System...
[   12.300611] iscsi: registered transport (tcp)
[   12.301583] systemd[1]: Starting Uncomplicated firewall...
         Starting Uncomplicated firewall...
[   12.415248] systemd[1]: Starting Remount Root and Kernel File Systems...
         Starting Remount Root and Kernel File Systems...
[   12.506937] systemd[1]: Starting Monitoring of LVM2 mirrors, snapshots etc. using dmeventd or progress polling...
         Starting Monitoring of LVM2 mirr[   12.521489] EXT4-fs (sda1): re-mounted. Opts: (null)
ors... dmeventd or progress polling...
[   12.574447] systemd[1]: Mounting POSIX Message Queue File System...
         Mounting POSIX Message Queue File System...
[   12.607462] systemd[1]: Starting Journal Service...
         Starting Journal Service...
[   12.677975] systemd[1]: Starting Set console keymap...
         Starting Set console keymap...
[   12.734659] systemd[1]: Mounted Huge Pages File System.
[[0;32m  OK  [0m] Mounted Huge Pages File System.
[   12.775568] systemd[1]: Mounted POSIX Message Queue File System.
[[0;32m  OK  [0m] Mounted POSIX Message Queue File System.
[   12.817847] systemd[1]: Mounted Debug File System.
[[0;32m  OK  [0m] Mounted Debug File System.
[   12.890261] systemd[1]: Started Create list of required static device nodes for the current kernel.
[   12.936157] iscsi: registered transport (iser)
[[0;32m  OK  [0m] Started Create list of required sta...ce nodes for the current kernel.
[   12.961254] systemd[1]: Started Load Kernel Modules.
[[0;32m  OK  [0m] Started Load Kernel Modules.
[   12.983973] systemd[1]: Started Uncomplicated firewall.
[[0;32m  OK  [0m] Started Uncomplicated firewall.
[   13.007793] systemd[1]: Started Remount Root and Kernel File Systems.
[[0;32m  OK  [0m] Started Remount Root and Kernel File Systems.
[   13.027618] systemd[1]: Started Set console keymap.
[[0;32m  OK  [0m] Started Set console keymap.
[   13.071915] systemd[1]: Started Nameserver information manager.
[[0;32m  OK  [0m] Started Nameserver information manager.
[   13.104613] systemd[1]: Started Journal Service.
[[0;32m  OK  [0m] Started Journal Service.
[[0;32m  OK  [0m] Started LVM2 metadata daemon.
         Starting udev Coldplug all Devices...
         Starting Load/Save Random Seed...
         Starting Flush Journal to Persistent Storage...
         Mounting FUSE Control File System...
         Starting Apply Kernel Variables...
         Starting Create Static Device Nodes in /dev...
[[0;32m  OK  [0m] Mounted FUSE Control File System.
[[0;32m  OK  [0m] Started Load/Save Random Seed.
[[0;32m  OK  [0m] Started Apply Kernel Variables.
[[0;32m  OK  [0m] Started Flush Journal to Persistent Storage.
[[0;32m  OK  [0m] Started Create Static Device Nodes in /dev.
         Starting udev Kernel Device Manager...
[[0;32m  OK  [0m] Started Monitoring of LVM2 mirrors,...ng dmeventd or progress polling.
[[0;32m  OK  [0m] Reached target Local File Systems (Pre).
[[0;32m  OK  [0m] Reached target Local File Systems.
         Starting Create Volatile Files and Directories...
         Starting Set console font and keymap...
         Starting Initial cloud-init job (pre-networking)...
         Starting LSB: AppArmor initialization...
         Starting Tell Plymouth To Write Out Runtime Data...
[[0;32m  OK  [0m] Started udev Coldplug all Devices.
[[0;32m  OK  [0m] Started Tell Plymouth To Write Out Runtime Data.
[[0;32m  OK  [0m] Started Create Volatile Files and Directories.
         Starting Update UTMP about System Boot/Shutdown...
[[0;32m  OK  [0m] Started Update UTMP about System Boot/Shutdown.
[[0;32m  OK  [0m] Started udev Kernel Device Manager.
[[0;32m  OK  [0m] Started Dispatch Password Requests to Console Directory Watch.
[[0;32m  OK  [0m] Started LSB: AppArmor initialization.
         Starting Load AppArmor profiles managed internally by snapd...
[[0;32m  OK  [0m] Started Load AppArmor profiles managed internally by snapd.
[[0;32m  OK  [0m] Found device /dev/ttyS0.
[[0;32m  OK  [0m] Started Set console font and keymap.
[[0;32m  OK  [0m] Created slice system-getty.slice.
[[0;32m  OK  [0m] Listening on Load/Save RF Kill Switch Status /dev/rfkill Watch.
[[0;32m  OK  [0m] Found device 82540EM Gigabit Ethern...r (PRO/1000 MT Desktop Adapter).
[[0;32m  OK  [0m] Found device 82540EM Gigabit Ethern...r (PRO/1000 MT Desktop Adapter).
[   20.448264] cloud-init[481]: Cloud-init v. 20.2-45-g5f7825e2-0ubuntu1~16.04.1 running 'init-local' at Wed, 29 Jul 2020 08:26:26 +0000. Up 18.49 seconds.
[[0;32m  OK  [0m] Started Initial cloud-init job (pre-networking).
[[0;32m  OK  [0m] Reached target Network (Pre).
         Starting Raise network interfaces...
[[0;32m  OK  [0m] Started ifup for enp0s3.
[[0;32m  OK  [0m] Started ifup for enp0s8.
[[0;32m  OK  [0m] Started Raise network interfaces.
[[0;32m  OK  [0m] Reached target Network.
         Starting Initial cloud-init job (metadata service crawler)...
[   22.294555] cloud-init[1087]: Cloud-init v. 20.2-45-g5f7825e2-0ubuntu1~16.04.1 running 'init' at Wed, 29 Jul 2020 08:26:29 +0000. Up 21.70 seconds.
[   22.297407] cloud-init[1087]: ci-info: ++++++++++++++++++++++++++++++++++++++Net device info+++++++++++++++++++++++++++++++++++++++
[   22.312955] cloud-init[1087]: ci-info: +--------+------+-----------------------------+---------------+--------+-------------------+
[   22.316178] cloud-init[1087]: ci-info: | Device |  Up  |           Address           |      Mask     | Scope  |     Hw-Address    |
[   22.322018] cloud-init[1087]: ci-info: +--------+------+-----------------------------+---------------+--------+-------------------+
[   22.328857] cloud-init[1087]: ci-info: | enp0s3 | True |          10.0.2.15          | 255.255.255.0 | global | 02:81:88:50:25:98 |
[   22.333122] cloud-init[1087]: ci-info: | enp0s3 | True |  fe80::81:88ff:fe50:2598/64 |       .       |  link  | 02:81:88:50:25:98 |
[   22.349443] cloud-init[1087]: ci-info: | enp0s8 | True |        192.168.10.150       | 255.255.255.0 | global | 08:00:27:1b:81:0c |
[   22.353134] cloud-init[1087]: ci-info: | enp0s8 | True | fe80::a00:27ff:fe1b:810c/64 |       .       |  link  | 08:00:27:1b:81:0c |
[   22.358137] cloud-init[1087]: ci-info: |   lo   | True |          127.0.0.1          |   255.0.0.0   |  host  |         .         |
[   22.362902] cloud-init[1087]: ci-info: |   lo   | True |           ::1/128           |       .       |  host  |         .         |
[   22.373133] cloud-init[1087]: ci-info: +--------+------+-----------------------------+---------------+--------+-------------------+
[   22.380673] cloud-init[1087]: ci-info: ++++++++++++++++++++++++++++Route IPv4 info++++++++++++++++++++++++++++
[   22.384783] cloud-init[1087]: ci-info: +-------+--------------+----------+---------------+-----------+-------+
[   22.388961] cloud-init[1087]: ci-info: | Route | Destination  | Gateway  |    Genmask    | Interface | Flags |
[   22.392981] cloud-init[1087]: ci-info: +-------+--------------+----------+---------------+-----------+-------+
[   22.396875] cloud-init[1087]: ci-info: |   0   |   0.0.0.0    | 10.0.2.2 |    0.0.0.0    |   enp0s3  |   UG  |
[   22.405130] cloud-init[1087]: ci-info: |   1   |   10.0.2.0   | 0.0.0.0  | 255.255.255.0 |   enp0s3  |   U   |
[   22.420636] cloud-init[1087]: ci-info: |   2   | 192.168.10.0 | 0.0.0.0  | 255.255.255.0 |   enp0s8  |   U   |
[   22.425009] cloud-init[1087]: ci-info: +-------+--------------+----------+---------------+-----------+-------+
[   22.428948] cloud-init[1087]: ci-info: +++++++++++++++++++Route IPv6 info+++++++++++++++++++
[   22.432741] cloud-init[1087]: ci-info: +-------+-------------+---------+-----------+-------+
[   22.444138] cloud-init[1087]: ci-info: | Route | Destination | Gateway | Interface | Flags |
[   22.448672] cloud-init[1087]: ci-info: +-------+-------------+---------+-----------+-------+
[   22.450783] cloud-init[1087]: ci-info: |   0   |  fe80::/64  |    ::   |   enp0s8  |   U   |
[   22.456050] cloud-init[1087]: ci-info: |   1   |  fe80::/64  |    ::   |   enp0s3  |   U   |
[   22.462161] cloud-init[1087]: ci-info: |   4   |   ff00::/8  |    ::   |   enp0s8  |   U   |
[   22.471192] cloud-init[1087]: ci-info: |   5   |   ff00::/8  |    ::   |   enp0s3  |   U   |
[   22.477423] cloud-init[1087]: ci-info: +-------+-------------+---------+-----------+-------+
[[0;32m  OK  [0m] Started Initial cloud-init job (metadata service crawler).
[[0;32m  OK  [0m] Reached target Network is Online.
         Starting iSCSI initiator daemon (iscsid)...
[[0;32m  OK  [0m] Reached target Cloud-config availability.
[[0;32m  OK  [0m] Reached target System Initialization.
[[0;32m  OK  [0m] Started Message of the Day.
[[0;32m  OK  [0m] Listening on D-Bus System Message Bus Socket.
[[0;32m  OK  [0m] Listening on UUID daemon activation socket.
         Starting Socket activation for snappy daemon.
[[0;32m  OK  [0m] Listening on ACPID Listen Socket.
         Starting LXD - unix socket.
[[0;32m  OK  [0m] Started ACPI Events Check.
[[0;32m  OK  [0m] Reached target Paths.
[[0;32m  OK  [0m] Started Daily apt download activities.
[[0;32m  OK  [0m] Started Daily apt upgrade and clean activities.
[[0;32m  OK  [0m] Started Daily Cleanup of Temporary Directories.
[[0;32m  OK  [0m] Reached target Timers.
[[0;32m  OK  [0m] Listening on Socket activation for snappy daemon.
[[0;32m  OK  [0m] Listening on LXD - unix socket.
[[0;32m  OK  [0m] Reached target Sockets.
[[0;32m  OK  [0m] Reached target Basic System.
         Starting Accounts Service...
[[0;32m  OK  [0m] Started ACPI event daemon.
[[0;32m  OK  [0m] Started High-performance, schema-free document-oriented database.
         Starting System Logging Service...
         Starting Virtualbox guest utils...
         Starting LXD - container startup/shutdown...
         Starting LSB: MD monitoring daemon...
         Starting LSB: Record successful boot for GRUB...
         Starting Login Service...
[[0;32m  OK  [0m] Started FUSE filesystem for LXC.
         Starting OpenBSD Secure Shell server...
[[0;32m  OK  [0m] Started D-Bus System Message Bus.
         Starting /etc/rc.local Compatibility...
[[0;32m  OK  [0m] Started Regular background program processing daemon.
[[0;32m  OK  [0m] Started Deferred execution scheduler.
         Starting Message of the Day...
         Starting Snap Daemon...
[[0;32m  OK  [0m] Started System Logging Service.
[[0;32m  OK  [0m] Started /etc/rc.local Compatibility.
[[0;32m  OK  [0m] Started iSCSI initiator daemon (iscsid).
         Starting Login to default iSCSI targets...
[[0;32m  OK  [0m] Started OpenBSD Secure Shell server.
[[0;32m  OK  [0m] Started Login Service.
[[0;32m  OK  [0m] Started Unattended Upgrades Shutdown.
[[0;32m  OK  [0m] Started LSB: MD monitoring daemon.
[[0;32m  OK  [0m] Started LSB: Record successful boot for GRUB.
         Starting Authenticate and Authorize Users to Run Privileged Tasks...
[[0;32m  OK  [0m] Started LXD - container startup/shutdown.
[[0;32m  OK  [0m] Started Login to default iSCSI targets.
[[0;32m  OK  [0m] Reached target Remote File Systems (Pre).
[[0;32m  OK  [0m] Reached target Remote File Systems.
         Starting Permit User Sessions...
         Starting LSB: daemon to balance interrupts for SMP systems...
         Starting LSB: automatic crash report generation...
         Starting LSB: Set the CPU Frequency Scaling governor to "ondemand"...
[[0;32m  OK  [0m] Started Permit User Sessions.
         Starting Terminate Plymouth Boot Screen...
         Starting Hold until boot process finishes up...
[[0;32m  OK  [0m] Started Terminate Plymouth Boot Screen.
[[0;32m  OK  [0m] Started Hold until boot process finishes up.
[[0;32m  OK  [0m] Started Getty on tty1.
[[0;32m  OK  [0m] Started Serial Getty on ttyS0.
[[0;32m  OK  [0m] Reached target Login Prompts.
         Starting Set console scheme...
[[0;32m  OK  [0m] Started LSB: daemon to balance interrupts for SMP systems.
[[0;32m  OK  [0m] Started Authenticate and Authorize Users to Run Privileged Tasks.
[[0;32m  OK  [0m] Started Set console scheme.
[[0;32m  OK  [0m] Started Accounts Service.
[[0;32m  OK  [0m] Started LSB: Set the CPU Frequency Scaling governor to "ondemand".
[[0;32m  OK  [0m] Started LSB: automatic crash report generation.
[[0;32m  OK  [0m] Started Virtualbox guest utils.
[[0;32m  OK  [0m] Started Snap Daemon.
         Starting Wait until snapd is fully seeded...
[[0;32m  OK  [0m] Started Wait until snapd is fully seeded.
[[0;32m  OK  [0m] Reached target Multi-User System.
[[0;32m  OK  [0m] Reached target Graphical Interface.
         Starting Update UTMP about System Runlevel Changes...
         Starting Apply the settings specified in cloud-config...
[[0;32m  OK  [0m] Started Update UTMP about System Runlevel Changes.

Ubuntu 16.04.6 LTS ubuntu-xenial ttyS0

ubuntu-xenial login: [   30.369562] cloud-init[1381]: Cloud-init v. 20.2-45-g5f7825e2-0ubuntu1~16.04.1 running 'modules:config' at Wed, 29 Jul 2020 08:26:37 +0000. Up 29.69 seconds.
[   32.068869] cloud-init[1440]: Cloud-init v. 20.2-45-g5f7825e2-0ubuntu1~16.04.1 running 'modules:final' at Wed, 29 Jul 2020 08:26:39 +0000. Up 31.77 seconds.
[   32.074751] cloud-init[1440]: Cloud-init v. 20.2-45-g5f7825e2-0ubuntu1~16.04.1 finished at Wed, 29 Jul 2020 08:26:39 +0000. Datasource DataSourceNoCloud [seed=/dev/sdb][dsmode=net].  Up 32.00 seconds
